Using pre-set license
Built from '2022.3/staging' branch; Version is '2022.3.21f1 (bf09ca542b87) revision 12519882'; Using compiler version '192829333'; Build Type 'Release'
OS: 'Windows 11  (10.0.22631) 64bit Professional' Language: 'tr' Physical Memory: 32681 MB
BatchMode: 1, IsHumanControllingUs: 0, StartBugReporterOnCrash: 0, Is64bit: 1, IsPro: 1

COMMAND LINE ARGUMENTS:
C:\Program Files\Unity\Hub\Editor\2022.3.21f1\Editor\Unity.exe
-adb2
-batchMode
-noUpm
-name
AssetImportWorker4
-projectPath
C:/Users/b1mks/GameAppJam
-logFile
Logs/AssetImportWorker4.log
-srvPort
64101
Successfully changed project path to: C:/Users/b1mks/GameAppJam
C:/Users/b1mks/GameAppJam
[UnityMemory] Configuration Parameters - Can be set up in boot.config
    "memorysetup-bucket-allocator-granularity=16"
    "memorysetup-bucket-allocator-bucket-count=8"
    "memorysetup-bucket-allocator-block-size=33554432"
    "memorysetup-bucket-allocator-block-count=8"
    "memorysetup-main-allocator-block-size=16777216"
    "memorysetup-thread-allocator-block-size=16777216"
    "memorysetup-gfx-main-allocator-block-size=16777216"
    "memorysetup-gfx-thread-allocator-block-size=16777216"
    "memorysetup-cache-allocator-block-size=4194304"
    "memorysetup-typetree-allocator-block-size=2097152"
    "memorysetup-profiler-bucket-allocator-granularity=16"
    "memorysetup-profiler-bucket-allocator-bucket-count=8"
    "memorysetup-profiler-bucket-allocator-block-size=33554432"
    "memorysetup-profiler-bucket-allocator-block-count=8"
    "memorysetup-profiler-allocator-block-size=16777216"
    "memorysetup-profiler-editor-allocator-block-size=1048576"
    "memorysetup-temp-allocator-size-main=16777216"
    "memorysetup-job-temp-allocator-block-size=2097152"
    "memorysetup-job-temp-allocator-block-size-background=1048576"
    "memorysetup-job-temp-allocator-reduction-small-platforms=262144"
    "memorysetup-allocator-temp-initial-block-size-main=262144"
    "memorysetup-allocator-temp-initial-block-size-worker=262144"
    "memorysetup-temp-allocator-size-background-worker=32768"
    "memorysetup-temp-allocator-size-job-worker=262144"
    "memorysetup-temp-allocator-size-preload-manager=33554432"
    "memorysetup-temp-allocator-size-nav-mesh-worker=65536"
    "memorysetup-temp-allocator-size-audio-worker=65536"
    "memorysetup-temp-allocator-size-cloud-worker=32768"
    "memorysetup-temp-allocator-size-gi-baking-worker=262144"
    "memorysetup-temp-allocator-size-gfx=262144"
Player connection [30680] Host "[IP] 192.168.1.50 [Port] 0 [Flags] 2 [Guid] 1064784992 [EditorId] 1064784992 [Version] 1048832 [Id] WindowsEditor(7,Bugra) [Debug] 1 [PackageName] WindowsEditor [ProjectName] Editor" joined multi-casting on [225.0.0.222:54997]...

Player connection [30680] Host "[IP] 192.168.1.50 [Port] 0 [Flags] 2 [Guid] 1064784992 [EditorId] 1064784992 [Version] 1048832 [Id] WindowsEditor(7,Bugra) [Debug] 1 [PackageName] WindowsEditor [ProjectName] Editor" joined alternative multi-casting on [225.0.0.222:34997]...

[Physics::Module] Initialized MultithreadedJobDispatcher with 15 workers.
Refreshing native plugins compatible for Editor in 7.05 ms, found 3 plugins.
Preloading 0 native plugins for Editor in 0.00 ms.
Initialize engine version: 2022.3.21f1 (bf09ca542b87)
[Subsystems] Discovering subsystems at path C:/Program Files/Unity/Hub/Editor/2022.3.21f1/Editor/Data/Resources/UnitySubsystems
[Subsystems] Discovering subsystems at path C:/Users/b1mks/GameAppJam/Assets
GfxDevice: creating device client; threaded=0; jobified=0
Direct3D:
    Version:  Direct3D 11.0 [level 11.1]
    Renderer: NVIDIA GeForce RTX 3090 (ID=0x2204)
    Vendor:   NVIDIA
    VRAM:     24326 MB
    Driver:   31.0.15.5176
Initialize mono
Mono path[0] = 'C:/Program Files/Unity/Hub/Editor/2022.3.21f1/Editor/Data/Managed'
Mono path[1] = 'C:/Program Files/Unity/Hub/Editor/2022.3.21f1/Editor/Data/MonoBleedingEdge/lib/mono/unityjit-win32'
Mono config path = 'C:/Program Files/Unity/Hub/Editor/2022.3.21f1/Editor/Data/MonoBleedingEdge/etc'
Using monoOptions --debugger-agent=transport=dt_socket,embedding=1,server=y,suspend=n,address=127.0.0.1:56792
Begin MonoManager ReloadAssembly
Registering precompiled unity dll's ...
Register platform support module: C:/Program Files/Unity/Hub/Editor/2022.3.21f1/Editor/Data/PlaybackEngines/WindowsStandaloneSupport/UnityEditor.WindowsStandalone.Extensions.dll
Registered in 0.006390 seconds.
- Loaded All Assemblies, in  0.285 seconds
Native extension for WindowsStandalone target not found
Mono: successfully reloaded assembly
- Finished resetting the current domain, in  0.210 seconds
Domain Reload Profiling: 493ms
	BeginReloadAssembly (79ms)
		ExecutionOrderSort (0ms)
		DisableScriptedObjects (0ms)
		BackupInstance (0ms)
		ReleaseScriptingObjects (0ms)
		CreateAndSetChildDomain (1ms)
	RebuildCommonClasses (31ms)
	RebuildNativeTypeToScriptingClass (11ms)
	initialDomainReloadingComplete (51ms)
	LoadAllAssembliesAndSetupDomain (111ms)
		LoadAssemblies (78ms)
		RebuildTransferFunctionScriptingTraits (0ms)
		AnalyzeDomain (109ms)
			TypeCache.Refresh (108ms)
				TypeCache.ScanAssembly (97ms)
			ScanForSourceGeneratedMonoScriptInfo (0ms)
			ResolveRequiredComponents (0ms)
	FinalizeReload (210ms)
		ReleaseScriptCaches (0ms)
		RebuildScriptCaches (0ms)
		SetupLoadedEditorAssemblies (166ms)
			LogAssemblyErrors (0ms)
			InitializePlatformSupportModulesInManaged (7ms)
			SetLoadedEditorAssemblies (7ms)
			RefreshPlugins (0ms)
			BeforeProcessingInitializeOnLoad (2ms)
			ProcessInitializeOnLoadAttributes (115ms)
			ProcessInitializeOnLoadMethodAttributes (36ms)
			AfterProcessingInitializeOnLoad (0ms)
			EditorAssembliesLoaded (0ms)
		ExecutionOrderSort2 (0ms)
		AwakeInstancesAfterBackupRestoration (0ms)
========================================================================
Worker process is ready to serve import requests
Begin MonoManager ReloadAssembly
- Loaded All Assemblies, in  0.486 seconds
Refreshing native plugins compatible for Editor in 2.67 ms, found 3 plugins.
Native extension for WindowsStandalone target not found
Package Manager log level set to [2]
[Package Manager] Server::EnsureServerProcessIsRunning -- launch failed, reason: Unity was launched with the -noUpm command-line argument
[Package Manager] UpmClient::Send -- Unable to send message (not connected to UPM process).
[Package Manager] Cannot connect to Unity Package Manager local server
Mono: successfully reloaded assembly
- Finished resetting the current domain, in  0.413 seconds
Domain Reload Profiling: 897ms
	BeginReloadAssembly (115ms)
		ExecutionOrderSort (0ms)
		DisableScriptedObjects (5ms)
		BackupInstance (0ms)
		ReleaseScriptingObjects (0ms)
		CreateAndSetChildDomain (16ms)
	RebuildCommonClasses (25ms)
	RebuildNativeTypeToScriptingClass (8ms)
	initialDomainReloadingComplete (33ms)
	LoadAllAssembliesAndSetupDomain (302ms)
		LoadAssemblies (242ms)
		RebuildTransferFunctionScriptingTraits (0ms)
		AnalyzeDomain (129ms)
			TypeCache.Refresh (115ms)
				TypeCache.ScanAssembly (104ms)
			ScanForSourceGeneratedMonoScriptInfo (10ms)
			ResolveRequiredComponents (3ms)
	FinalizeReload (414ms)
		ReleaseScriptCaches (0ms)
		RebuildScriptCaches (0ms)
		SetupLoadedEditorAssemblies (309ms)
			LogAssemblyErrors (0ms)
			InitializePlatformSupportModulesInManaged (5ms)
			SetLoadedEditorAssemblies (2ms)
			RefreshPlugins (0ms)
			BeforeProcessingInitializeOnLoad (47ms)
			ProcessInitializeOnLoadAttributes (233ms)
			ProcessInitializeOnLoadMethodAttributes (15ms)
			AfterProcessingInitializeOnLoad (6ms)
			EditorAssembliesLoaded (0ms)
		ExecutionOrderSort2 (0ms)
		AwakeInstancesAfterBackupRestoration (5ms)
Launched and connected shader compiler UnityShaderCompiler.exe after 0.03 seconds
Refreshing native plugins compatible for Editor in 2.61 ms, found 3 plugins.
Preloading 0 native plugins for Editor in 0.00 ms.
Unloading 3155 Unused Serialized files (Serialized files now loaded: 0)
Unloading 35 unused Assets / (57.4 KB). Loaded Objects now: 3618.
Memory consumption went from 126.6 MB to 126.5 MB.
Total: 2.542500 ms (FindLiveObjects: 0.194600 ms CreateObjectMapping: 0.109000 ms MarkObjects: 2.145900 ms  DeleteObjects: 0.092300 ms)

AssetImportParameters requested are different than current active one (requested -> active):
  custom:container-demuxer-ogg: 62fdf1f143b41e24485cea50d1cbac27 -> 
  custom:video-codec-MediaFoundation-h265: 746d11721c4dcdbdad8f713fa42b33f4 -> 
  custom:video-decoder-ogg-theora: a1e56fd34408186e4bbccfd4996cb3dc -> 
  custom:framework-win-MediaFoundation: 216162199b28c13a410421893ffa2e32 -> 
  custom:CustomObjectIndexerAttribute: 9a22284fe3817be447336de3de66b15e -> 
  custom:container-demuxer-webm: 4f35f7cbe854078d1ac9338744f61a02 -> 
  custom:container-muxer-webm: aa71ff27fc2769a1b78a27578f13a17b -> 
  custom:video-decoder-webm-vp8: 9c59270c3fd7afecdb556c50c9e8de78 -> 
  custom:SearchIndexIgnoredProperties: e643bd26f0fe6173181afceb89e7c659 -> 
  custom:AudioImporter_EditorPlatform: d09bf68614088b80899f8185d706f6e7 -> 
  custom:video-encoder-webm-vp8: eb34c28f22e8b96e1ab97ce403110664 -> 
  custom:audio-decoder-ogg-vorbis: bf7c407c2cedff20999df2af8eb42d56 -> 
  custom:audio-encoder-webm-vorbis: bf7c407c2cedff20999df2af8eb42d56 -> 
========================================================================
Received Import Request.
  Time since last request: 318075.339823 seconds.
  path: Assets/GameJam
  artifactKey: Guid(de8ace25303d4ee40a8b6435cffefd54) Importer(815301076,1909f56bfc062723c751e8b465ee728b)
Start importing Assets/GameJam using Guid(de8ace25303d4ee40a8b6435cffefd54) Importer(815301076,1909f56bfc062723c751e8b465ee728b)  -> (artifact id: 'f7d72e0bf4054645ad4e45bf8d4526bc') in 0.001975 seconds
Number of updated asset objects reloaded before import = 0
Number of asset objects unloaded after import = 0
========================================================================
Received Import Request.
  Time since last request: 101.943571 seconds.
  path: Assets/Scenes/hakkimizda.unity
  artifactKey: Guid(9bf138e569d4c0e4a94516cee27be37f) Importer(815301076,1909f56bfc062723c751e8b465ee728b)
Start importing Assets/Scenes/hakkimizda.unity using Guid(9bf138e569d4c0e4a94516cee27be37f) Importer(815301076,1909f56bfc062723c751e8b465ee728b)  -> (artifact id: '474127299d859c3499f39fff2219c4a1') in 0.000465 seconds
Number of updated asset objects reloaded before import = 0
Number of asset objects unloaded after import = 0
========================================================================
Received Import Request.
  Time since last request: 1.340923 seconds.
  path: Assets/Scenes/Bolum2.unity
  artifactKey: Guid(9fc0d4010bbf28b4594072e72b8655ab) Importer(815301076,1909f56bfc062723c751e8b465ee728b)
Start importing Assets/Scenes/Bolum2.unity using Guid(9fc0d4010bbf28b4594072e72b8655ab) Importer(815301076,1909f56bfc062723c751e8b465ee728b)  -> (artifact id: 'ef97a0142344e63ee2d7ea1048013dcb') in 0.000509 seconds
Number of updated asset objects reloaded before import = 0
Number of asset objects unloaded after import = 0
========================================================================
Received Import Request.
  Time since last request: 30.480360 seconds.
  path: Assets/GameJam-main/Textures
  artifactKey: Guid(89dfed7a3cc96a04d96d274fdd3a4ea8) Importer(815301076,1909f56bfc062723c751e8b465ee728b)
Start importing Assets/GameJam-main/Textures using Guid(89dfed7a3cc96a04d96d274fdd3a4ea8) Importer(815301076,1909f56bfc062723c751e8b465ee728b)  -> (artifact id: '69c5f9bc6cedd1ddedf31bc6243492f5') in 0.000382 seconds
Number of updated asset objects reloaded before import = 0
Number of asset objects unloaded after import = 0
========================================================================
Received Import Request.
  Time since last request: 12.693361 seconds.
  path: Assets/GameJam-main/Textures/HoneyPot.fbx
  artifactKey: Guid(1110211452d4bfe4dadaab029f553b3e) Importer(815301076,1909f56bfc062723c751e8b465ee728b)
Start importing Assets/GameJam-main/Textures/HoneyPot.fbx using Guid(1110211452d4bfe4dadaab029f553b3e) Importer(815301076,1909f56bfc062723c751e8b465ee728b)  -> (artifact id: '9af68d2d45e8ba293a24433924c0b3b5') in 0.131513 seconds
Number of updated asset objects reloaded before import = 0
Number of asset objects unloaded after import = 16
========================================================================
Received Import Request.
  Time since last request: 0.000011 seconds.
  path: Assets/GameJam-main/Textures/Octagon_1.fbx
  artifactKey: Guid(bc269bec3f7bee5429bd94c5439c35d5) Importer(815301076,1909f56bfc062723c751e8b465ee728b)
Start importing Assets/GameJam-main/Textures/Octagon_1.fbx using Guid(bc269bec3f7bee5429bd94c5439c35d5) Importer(815301076,1909f56bfc062723c751e8b465ee728b)  -> (artifact id: '2a25a704c56fc5eed602cbba5061e718') in 0.013352 seconds
Number of updated asset objects reloaded before import = 0
Number of asset objects unloaded after import = 7
========================================================================
Received Import Request.
  Time since last request: 0.000010 seconds.
  path: Assets/GameJam-main/Textures/Octagon_0.fbx
  artifactKey: Guid(f7e9c0643fb421e458590df719489941) Importer(815301076,1909f56bfc062723c751e8b465ee728b)
Start importing Assets/GameJam-main/Textures/Octagon_0.fbx using Guid(f7e9c0643fb421e458590df719489941) Importer(815301076,1909f56bfc062723c751e8b465ee728b)  -> (artifact id: 'abae73c7e95c7c8857c19ff8222c2dff') in 0.014074 seconds
Number of updated asset objects reloaded before import = 0
Number of asset objects unloaded after import = 7
========================================================================
Received Import Request.
  Time since last request: 0.211072 seconds.
  path: Assets/GameJam-main/Textures
  artifactKey: Guid(89dfed7a3cc96a04d96d274fdd3a4ea8) Importer(2089858483,0ecaa5967403d082aa24f35e1b516d23)
Start importing Assets/GameJam-main/Textures using Guid(89dfed7a3cc96a04d96d274fdd3a4ea8) Importer(2089858483,0ecaa5967403d082aa24f35e1b516d23)  -> (artifact id: 'f405805d1a83d2e4200fe48f7950ba18') in 0.039359 seconds
Number of updated asset objects reloaded before import = 0
Number of asset objects unloaded after import = 1
========================================================================
Received Import Request.
  Time since last request: 0.000034 seconds.
  path: Assets/GameJam-main/Textures/HoneyPot.fbx
  artifactKey: Guid(1110211452d4bfe4dadaab029f553b3e) Importer(2089858483,0ecaa5967403d082aa24f35e1b516d23)
Start importing Assets/GameJam-main/Textures/HoneyPot.fbx using Guid(1110211452d4bfe4dadaab029f553b3e) Importer(2089858483,0ecaa5967403d082aa24f35e1b516d23)  -> (artifact id: '389dd2e3ec2e095a768bc0070834295b') in 0.061607 seconds
Number of updated asset objects reloaded before import = 0
Number of asset objects unloaded after import = 16
========================================================================
Received Import Request.
  Time since last request: 0.000014 seconds.
  path: Assets/GameJam-main/Textures/Octagon_1.fbx
  artifactKey: Guid(bc269bec3f7bee5429bd94c5439c35d5) Importer(2089858483,0ecaa5967403d082aa24f35e1b516d23)
Start importing Assets/GameJam-main/Textures/Octagon_1.fbx using Guid(bc269bec3f7bee5429bd94c5439c35d5) Importer(2089858483,0ecaa5967403d082aa24f35e1b516d23)  -> (artifact id: '78c709b456ec415565b1988d675059ad') in 0.012632 seconds
Number of updated asset objects reloaded before import = 0
Number of asset objects unloaded after import = 7
========================================================================
Received Import Request.
  Time since last request: 0.000020 seconds.
  path: Assets/GameJam-main/Textures/Octagon_2.fbx
  artifactKey: Guid(479313e8c77ec71408c8cc0cc43e1736) Importer(2089858483,0ecaa5967403d082aa24f35e1b516d23)
Start importing Assets/GameJam-main/Textures/Octagon_2.fbx using Guid(479313e8c77ec71408c8cc0cc43e1736) Importer(2089858483,0ecaa5967403d082aa24f35e1b516d23)  -> (artifact id: '51c4e08611a96444ef9ec898b1b84192') in 0.010254 seconds
Number of updated asset objects reloaded before import = 0
Number of asset objects unloaded after import = 7
========================================================================
Received Import Request.
  Time since last request: 0.000014 seconds.
  path: Assets/GameJam-main/Textures/Octagon_3.fbx
  artifactKey: Guid(fcf19be663c67f44bb9d1ade13daa4d9) Importer(2089858483,0ecaa5967403d082aa24f35e1b516d23)
Start importing Assets/GameJam-main/Textures/Octagon_3.fbx using Guid(fcf19be663c67f44bb9d1ade13daa4d9) Importer(2089858483,0ecaa5967403d082aa24f35e1b516d23)  -> (artifact id: 'ef597fb116f5a6aa06c20da3ec66a1e2') in 0.009874 seconds
Number of updated asset objects reloaded before import = 0
Number of asset objects unloaded after import = 7
Editor requested this worker to shutdown with reason: Scaling down because of idle timeout
TcpMessagingSession - receive error: operation aborted. errorcode: 995, details: Bir is parçacigi çikisi veya bir uygulama istegi nedeniyle G/Ç islemi iptal edildi.
AssetImportWorker is now disconnected from the server
Process exiting
Exiting without the bug reporter. Application will terminate with return code 0